<?xml version="1.0" encoding="UTF-8" ?>
<testsuite tests="2" failures="0" name="com.yeou.scribbler.json.JsonTest" time="0.606" errors="0" skipped="2">
  <properties>
    <property name="java.runtime.name" value="Java(TM) SE Runtime Environment"/>
    <property name="sun.boot.library.path" value="C:\Program Files\Java\jdk1.8.0_241\jre\bin"/>
    <property name="java.vm.version" value="25.241-b07"/>
    <property name="java.vm.vendor" value="Oracle Corporation"/>
    <property name="java.vendor.url" value="http://java.oracle.com/"/>
    <property name="path.separator" value=";"/>
    <property name="java.vm.name" value="Java HotSpot(TM) 64-Bit Server VM"/>
    <property name="file.encoding.pkg" value="sun.io"/>
    <property name="user.script" value=""/>
    <property name="user.country" value="IN"/>
    <property name="sun.java.launcher" value="SUN_STANDARD"/>
    <property name="sun.os.patch.level" value=""/>
    <property name="java.vm.specification.name" value="Java Virtual Machine Specification"/>
    <property name="user.dir" value="E:\Scribbler Backup 08082020\online-whiteboard-master"/>
    <property name="java.runtime.version" value="1.8.0_241-b07"/>
    <property name="java.awt.graphicsenv" value="sun.awt.Win32GraphicsEnvironment"/>
    <property name="basedir" value="E:\Scribbler Backup 08082020\online-whiteboard-master"/>
    <property name="java.endorsed.dirs" value="C:\Program Files\Java\jdk1.8.0_241\jre\lib\endorsed"/>
    <property name="os.arch" value="amd64"/>
    <property name="surefire.real.class.path" value="E:\Scribbler Backup 08082020\online-whiteboard-master\target\surefire\surefirebooter3770224062786806346.jar"/>
    <property name="java.io.tmpdir" value="C:\Users\Hp\AppData\Local\Temp\"/>
    <property name="line.separator" value="
"/>
    <property name="java.vm.specification.vendor" value="Oracle Corporation"/>
    <property name="user.variant" value=""/>
    <property name="os.name" value="Windows 10"/>
    <property name="maven.ext.class.path" value="C:\Program Files\NetBeans 8.2\java\maven-nblib\netbeans-eventspy.jar"/>
    <property name="sun.jnu.encoding" value="Cp1252"/>
    <property name="java.library.path" value="C:\Program Files\Java\jdk1.8.0_241\jre\bin;C:\windows\Sun\Java\bin;C:\windows\system32;C:\windows;C:\Program Files (x86)\Common Files\Oracle\Java\javapath;C:\windows\system32;C:\windows;C:\windows\System32\Wbem;C:\windows\System32\WindowsPowerShell\v1.0\;C:\windows\System32\OpenSSH\;C:\Program Files (x86)\NVIDIA Corporation\PhysX\Common;C:\Program Files\NVIDIA Corporation\NVIDIA NvDLISR;C:\Program Files\Java\jdk-13.0.2\bin;C:\Program Files\MATLAB\R2020a\bin;C:\Program Files\Git\cmd;C:\Users\Hp\AppData\Local\GitHubDesktop\bin;."/>
    <property name="surefire.test.class.path" value="E:\Scribbler Backup 08082020\online-whiteboard-master\target\test-classes;E:\Scribbler Backup 08082020\online-whiteboard-master\target\classes;C:\Users\Hp\.m2\repository\commons-lang\commons-lang\2.5\commons-lang-2.5.jar;C:\Users\Hp\.m2\repository\commons-configuration\commons-configuration\1.6\commons-configuration-1.6.jar;C:\Users\Hp\.m2\repository\commons-collections\commons-collections\3.2.1\commons-collections-3.2.1.jar;C:\Users\Hp\.m2\repository\commons-logging\commons-logging\1.1.1\commons-logging-1.1.1.jar;C:\Users\Hp\.m2\repository\commons-digester\commons-digester\1.8\commons-digester-1.8.jar;C:\Users\Hp\.m2\repository\commons-beanutils\commons-beanutils\1.7.0\commons-beanutils-1.7.0.jar;C:\Users\Hp\.m2\repository\commons-beanutils\commons-beanutils-core\1.8.0\commons-beanutils-core-1.8.0.jar;C:\Users\Hp\.m2\repository\com\sun\faces\jsf-api\2.1.2\jsf-api-2.1.2.jar;C:\Users\Hp\.m2\repository\com\sun\faces\jsf-impl\2.1.2\jsf-impl-2.1.2.jar;C:\Users\Hp\.m2\repository\org\primefaces\primefaces\2.2.1\primefaces-2.2.1.jar;C:\Users\Hp\.m2\repository\org\primefaces\themes\cupertino\1.0.1\cupertino-1.0.1.jar;C:\Users\Hp\.m2\repository\com\ocpsoft\prettyfaces-jsf2\3.3.0\prettyfaces-jsf2-3.3.0.jar;C:\Users\Hp\.m2\repository\javax\el\el-api\2.2\el-api-2.2.jar;C:\Users\Hp\.m2\repository\org\glassfish\web\el-impl\2.2\el-impl-2.2.jar;C:\Users\Hp\.m2\repository\javax\annotation\jsr250-api\1.0\jsr250-api-1.0.jar;C:\Users\Hp\.m2\repository\javax\servlet\servlet-api\2.5\servlet-api-2.5.jar;C:\Users\Hp\.m2\repository\javax\servlet\jstl\1.2\jstl-1.2.jar;C:\Users\Hp\.m2\repository\com\google\code\gson\gson\1.7.1\gson-1.7.1.jar;C:\Users\Hp\.m2\repository\org\atmosphere\atmosphere-jersey\0.8.0\atmosphere-jersey-0.8.0.jar;C:\Users\Hp\.m2\repository\org\atmosphere\atmosphere-annotations\0.8.0\atmosphere-annotations-0.8.0.jar;C:\Users\Hp\.m2\repository\org\atmosphere\atmosphere-runtime\0.8.0\atmosphere-runtime-0.8.0.jar;C:\Users\Hp\.m2\repository\org\atmosphere\atmosphere-compat-jbossweb\0.8.0\atmosphere-compat-jbossweb-0.8.0.jar;C:\Users\Hp\.m2\repository\org\atmosphere\atmosphere-compat-weblogic\0.8.0\atmosphere-compat-weblogic-0.8.0.jar;C:\Users\Hp\.m2\repository\org\atmosphere\atmosphere-compat-jetty\0.8.0\atmosphere-compat-jetty-0.8.0.jar;C:\Users\Hp\.m2\repository\org\atmosphere\atmosphere-compat-tomcat\0.8.0\atmosphere-compat-tomcat-0.8.0.jar;C:\Users\Hp\.m2\repository\com\sun\jersey\jersey-server\1.9.1\jersey-server-1.9.1.jar;C:\Users\Hp\.m2\repository\asm\asm\3.1\asm-3.1.jar;C:\Users\Hp\.m2\repository\com\sun\jersey\jersey-core\1.9.1\jersey-core-1.9.1.jar;C:\Users\Hp\.m2\repository\org\apache\geronimo\specs\geronimo-servlet_3.0_spec\1.0\geronimo-servlet_3.0_spec-1.0.jar;C:\Users\Hp\.m2\repository\org\slf4j\slf4j-api\1.6.2\slf4j-api-1.6.2.jar;C:\Users\Hp\.m2\repository\org\slf4j\slf4j-nop\1.6.2\slf4j-nop-1.6.2.jar;C:\Users\Hp\.m2\repository\junit\junit\4.8.2\junit-4.8.2.jar;"/>
    <property name="java.specification.name" value="Java Platform API Specification"/>
    <property name="java.class.version" value="52.0"/>
    <property name="sun.management.compiler" value="HotSpot 64-Bit Tiered Compilers"/>
    <property name="os.version" value="10.0"/>
    <property name="user.home" value="C:\Users\Hp"/>
    <property name="user.timezone" value="Europe/London"/>
    <property name="java.awt.printerjob" value="sun.awt.windows.WPrinterJob"/>
    <property name="java.specification.version" value="1.8"/>
    <property name="file.encoding" value="iso-8859-1"/>
    <property name="user.name" value="Hp"/>
    <property name="java.class.path" value="E:\Scribbler Backup 08082020\online-whiteboard-master\target\test-classes;E:\Scribbler Backup 08082020\online-whiteboard-master\target\classes;C:\Users\Hp\.m2\repository\commons-lang\commons-lang\2.5\commons-lang-2.5.jar;C:\Users\Hp\.m2\repository\commons-configuration\commons-configuration\1.6\commons-configuration-1.6.jar;C:\Users\Hp\.m2\repository\commons-collections\commons-collections\3.2.1\commons-collections-3.2.1.jar;C:\Users\Hp\.m2\repository\commons-logging\commons-logging\1.1.1\commons-logging-1.1.1.jar;C:\Users\Hp\.m2\repository\commons-digester\commons-digester\1.8\commons-digester-1.8.jar;C:\Users\Hp\.m2\repository\commons-beanutils\commons-beanutils\1.7.0\commons-beanutils-1.7.0.jar;C:\Users\Hp\.m2\repository\commons-beanutils\commons-beanutils-core\1.8.0\commons-beanutils-core-1.8.0.jar;C:\Users\Hp\.m2\repository\com\sun\faces\jsf-api\2.1.2\jsf-api-2.1.2.jar;C:\Users\Hp\.m2\repository\com\sun\faces\jsf-impl\2.1.2\jsf-impl-2.1.2.jar;C:\Users\Hp\.m2\repository\org\primefaces\primefaces\2.2.1\primefaces-2.2.1.jar;C:\Users\Hp\.m2\repository\org\primefaces\themes\cupertino\1.0.1\cupertino-1.0.1.jar;C:\Users\Hp\.m2\repository\com\ocpsoft\prettyfaces-jsf2\3.3.0\prettyfaces-jsf2-3.3.0.jar;C:\Users\Hp\.m2\repository\javax\el\el-api\2.2\el-api-2.2.jar;C:\Users\Hp\.m2\repository\org\glassfish\web\el-impl\2.2\el-impl-2.2.jar;C:\Users\Hp\.m2\repository\javax\annotation\jsr250-api\1.0\jsr250-api-1.0.jar;C:\Users\Hp\.m2\repository\javax\servlet\servlet-api\2.5\servlet-api-2.5.jar;C:\Users\Hp\.m2\repository\javax\servlet\jstl\1.2\jstl-1.2.jar;C:\Users\Hp\.m2\repository\com\google\code\gson\gson\1.7.1\gson-1.7.1.jar;C:\Users\Hp\.m2\repository\org\atmosphere\atmosphere-jersey\0.8.0\atmosphere-jersey-0.8.0.jar;C:\Users\Hp\.m2\repository\org\atmosphere\atmosphere-annotations\0.8.0\atmosphere-annotations-0.8.0.jar;C:\Users\Hp\.m2\repository\org\atmosphere\atmosphere-runtime\0.8.0\atmosphere-runtime-0.8.0.jar;C:\Users\Hp\.m2\repository\org\atmosphere\atmosphere-compat-jbossweb\0.8.0\atmosphere-compat-jbossweb-0.8.0.jar;C:\Users\Hp\.m2\repository\org\atmosphere\atmosphere-compat-weblogic\0.8.0\atmosphere-compat-weblogic-0.8.0.jar;C:\Users\Hp\.m2\repository\org\atmosphere\atmosphere-compat-jetty\0.8.0\atmosphere-compat-jetty-0.8.0.jar;C:\Users\Hp\.m2\repository\org\atmosphere\atmosphere-compat-tomcat\0.8.0\atmosphere-compat-tomcat-0.8.0.jar;C:\Users\Hp\.m2\repository\com\sun\jersey\jersey-server\1.9.1\jersey-server-1.9.1.jar;C:\Users\Hp\.m2\repository\asm\asm\3.1\asm-3.1.jar;C:\Users\Hp\.m2\repository\com\sun\jersey\jersey-core\1.9.1\jersey-core-1.9.1.jar;C:\Users\Hp\.m2\repository\org\apache\geronimo\specs\geronimo-servlet_3.0_spec\1.0\geronimo-servlet_3.0_spec-1.0.jar;C:\Users\Hp\.m2\repository\org\slf4j\slf4j-api\1.6.2\slf4j-api-1.6.2.jar;C:\Users\Hp\.m2\repository\org\slf4j\slf4j-nop\1.6.2\slf4j-nop-1.6.2.jar;C:\Users\Hp\.m2\repository\junit\junit\4.8.2\junit-4.8.2.jar;"/>
    <property name="java.vm.specification.version" value="1.8"/>
    <property name="sun.arch.data.model" value="64"/>
    <property name="java.home" value="C:\Program Files\Java\jdk1.8.0_241\jre"/>
    <property name="sun.java.command" value="E:\Scribbler Backup 08082020\online-whiteboard-master\target\surefire\surefirebooter3770224062786806346.jar E:\Scribbler Backup 08082020\online-whiteboard-master\target\surefire\surefire4265409048219179914tmp E:\Scribbler Backup 08082020\online-whiteboard-master\target\surefire\surefire7333962101474072477tmp"/>
    <property name="java.specification.vendor" value="Oracle Corporation"/>
    <property name="user.language" value="en"/>
    <property name="awt.toolkit" value="sun.awt.windows.WToolkit"/>
    <property name="java.vm.info" value="mixed mode"/>
    <property name="java.version" value="1.8.0_241"/>
    <property name="java.ext.dirs" value="C:\Program Files\Java\jdk1.8.0_241\jre\lib\ext;C:\windows\Sun\Java\lib\ext"/>
    <property name="sun.boot.class.path" value="C:\Program Files\Java\jdk1.8.0_241\jre\lib\resources.jar;C:\Program Files\Java\jdk1.8.0_241\jre\lib\rt.jar;C:\Program Files\Java\jdk1.8.0_241\jre\lib\sunrsasign.jar;C:\Program Files\Java\jdk1.8.0_241\jre\lib\jsse.jar;C:\Program Files\Java\jdk1.8.0_241\jre\lib\jce.jar;C:\Program Files\Java\jdk1.8.0_241\jre\lib\charsets.jar;C:\Program Files\Java\jdk1.8.0_241\jre\lib\jfr.jar;C:\Program Files\Java\jdk1.8.0_241\jre\classes"/>
    <property name="java.vendor" value="Oracle Corporation"/>
    <property name="localRepository" value="C:\Users\Hp\.m2\repository"/>
    <property name="file.separator" value="\"/>
    <property name="java.vendor.url.bug" value="http://bugreport.sun.com/bugreport/"/>
    <property name="sun.cpu.endian" value="little"/>
    <property name="sun.io.unicode.encoding" value="UnicodeLittle"/>
    <property name="sun.desktop" value="windows"/>
    <property name="sun.cpu.isalist" value="amd64"/>
  </properties>
  <testcase classname="com.yeou.scribbler.json.JsonTest" name="JavaScript2Java" time="0">
    <skipped/>
  </testcase>
  <testcase classname="com.yeou.scribbler.json.JsonTest" name="Java2JavaScript" time="0.002">
    <skipped/>
  </testcase>
</testsuite>